<?xml version="1.0" encoding="UTF-8"?>
<testng-results skipped="0" failed="0" total="1" passed="1">
  <reporter-output>
  </reporter-output>
  <suite name="Suite" duration-ms="18979" started-at="2016-12-17T17:22:02Z" finished-at="2016-12-17T17:22:21Z">
    <groups>
    </groups>
    <test name="Test" duration-ms="18979" started-at="2016-12-17T17:22:02Z" finished-at="2016-12-17T17:22:21Z">
      <class name="SeleniumTest.LoginGmail.LoginPerfect">
        <test-method status="PASS" signature="beforeTest()[pri:0, instance:SeleniumTest.LoginGmail.LoginPerfect@7823a2f9]" name="beforeTest" is-config="true" duration-ms="12669" started-at="2016-12-17T22:52:02Z" finished-at="2016-12-17T22:52:15Z">
          <reporter-output>
          </reporter-output>
        </test-method> <!-- beforeTest -->
        <test-method status="PASS" signature="f()[pri:0, instance:SeleniumTest.LoginGmail.LoginPerfect@7823a2f9]" name="f" duration-ms="3668" started-at="2016-12-17T22:52:15Z" finished-at="2016-12-17T22:52:19Z">
          <reporter-output>
          </reporter-output>
        </test-method> <!-- f -->
        <test-method status="PASS" signature="afterTest()[pri:0, instance:SeleniumTest.LoginGmail.LoginPerfect@7823a2f9]" name="afterTest" is-config="true" duration-ms="2619" started-at="2016-12-17T22:52:19Z" finished-at="2016-12-17T22:52:21Z">
          <reporter-output>
          </reporter-output>
        </test-method> <!-- afterTest -->
      </class> <!-- SeleniumTest.LoginGmail.LoginPerfect -->
    </test> <!-- Test -->
  </suite> <!-- Suite -->
</testng-results>
